Performing C SOURCE FILE Test CMAKE_HAVE_LIBC_PTHREAD failed with the following output:
Change Dir: /home/yangzt/yangzt_ws/src/vehicle_io_driver/cmake-build-debug/CMakeFiles/CMakeTmp

Run Build Command(s):/usr/bin/make cmTC_fd47c/fast && /usr/bin/make  -f CMakeFiles/cmTC_fd47c.dir/build.make CMakeFiles/cmTC_fd47c.dir/build
make[1]: Entering directory '/home/yangzt/yangzt_ws/src/vehicle_io_driver/cmake-build-debug/CMakeFiles/CMakeTmp'
Building C object CMakeFiles/cmTC_fd47c.dir/src.c.o
/usr/bin/cc   -DCMAKE_HAVE_LIBC_PTHREAD   -o CMakeFiles/cmTC_fd47c.dir/src.c.o   -c /home/yangzt/yangzt_ws/src/vehicle_io_driver/cmake-build-debug/CMakeFiles/CMakeTmp/src.c
Linking C executable cmTC_fd47c
/opt/clion-2020.2.4/bin/cmake/linux/bin/cmake -E cmake_link_script CMakeFiles/cmTC_fd47c.dir/link.txt --verbose=1
/usr/bin/cc  -DCMAKE_HAVE_LIBC_PTHREAD    -rdynamic CMakeFiles/cmTC_fd47c.dir/src.c.o  -o cmTC_fd47c 
CMakeFiles/cmTC_fd47c.dir/src.c.o: In function `main':
src.c:(.text+0x3c): undefined reference to `pthread_create'
src.c:(.text+0x48): undefined reference to `pthread_detach'
src.c:(.text+0x54): undefined reference to `pthread_cancel'
src.c:(.text+0x65): undefined reference to `pthread_join'
src.c:(.text+0x79): undefined reference to `pthread_atfork'
collect2: error: ld returned 1 exit status
CMakeFiles/cmTC_fd47c.dir/build.make:106: recipe for target 'cmTC_fd47c' failed
make[1]: *** [cmTC_fd47c] Error 1
make[1]: Leaving directory '/home/yangzt/yangzt_ws/src/vehicle_io_driver/cmake-build-debug/CMakeFiles/CMakeTmp'
Makefile:141: recipe for target 'cmTC_fd47c/fast' failed
make: *** [cmTC_fd47c/fast] Error 2


Source file was:
#include <pthread.h>

void* test_func(void* data)
{
  return data;
}

int main(void)
{
  pthread_t thread;
  pthread_create(&thread, NULL, test_func, NULL);
  pthread_detach(thread);
  pthread_cancel(thread);
  pthread_join(thread, NULL);
  pthread_atfork(NULL, NULL, NULL);
  pthread_exit(NULL);

  return 0;
}

Determining if the function pthread_create exists in the pthreads failed with the following output:
Change Dir: /home/yangzt/yangzt_ws/src/vehicle_io_driver/cmake-build-debug/CMakeFiles/CMakeTmp

Run Build Command(s):/usr/bin/make cmTC_6138c/fast && /usr/bin/make  -f CMakeFiles/cmTC_6138c.dir/build.make CMakeFiles/cmTC_6138c.dir/build
make[1]: Entering directory '/home/yangzt/yangzt_ws/src/vehicle_io_driver/cmake-build-debug/CMakeFiles/CMakeTmp'
Building C object CMakeFiles/cmTC_6138c.dir/CheckFunctionExists.c.o
/usr/bin/cc   -DCHECK_FUNCTION_EXISTS=pthread_create   -o CMakeFiles/cmTC_6138c.dir/CheckFunctionExists.c.o   -c /opt/clion-2020.2.4/bin/cmake/linux/share/cmake-3.17/Modules/CheckFunctionExists.c
Linking C executable cmTC_6138c
/opt/clion-2020.2.4/bin/cmake/linux/bin/cmake -E cmake_link_script CMakeFiles/cmTC_6138c.dir/link.txt --verbose=1
/usr/bin/cc  -DCHECK_FUNCTION_EXISTS=pthread_create    -rdynamic CMakeFiles/cmTC_6138c.dir/CheckFunctionExists.c.o  -o cmTC_6138c  -lpthreads 
/usr/bin/ld: cannot find -lpthreads
collect2: error: ld returned 1 exit status
CMakeFiles/cmTC_6138c.dir/build.make:106: recipe for target 'cmTC_6138c' failed
make[1]: *** [cmTC_6138c] Error 1
make[1]: Leaving directory '/home/yangzt/yangzt_ws/src/vehicle_io_driver/cmake-build-debug/CMakeFiles/CMakeTmp'
Makefile:141: recipe for target 'cmTC_6138c/fast' failed
make: *** [cmTC_6138c/fast] Error 2



