Determining if the pthread_create exist failed with the following output:
Change Dir: /home/yangzt/yangzt_ws/src/mmw_capture/build/CMakeFiles/CMakeTmp

Run Build Command:"/usr/bin/make" "cmTC_b8e76/fast"
/usr/bin/make -f CMakeFiles/cmTC_b8e76.dir/build.make CMakeFiles/cmTC_b8e76.dir/build
make[1]: Entering directory '/home/yangzt/yangzt_ws/src/mmw_capture/build/CMakeFiles/CMakeTmp'
Building C object CMakeFiles/cmTC_b8e76.dir/CheckSymbolExists.c.o
/usr/bin/gcc-5     -o CMakeFiles/cmTC_b8e76.dir/CheckSymbolExists.c.o   -c /home/yangzt/yangzt_ws/src/mmw_capture/build/CMakeFiles/CMakeTmp/CheckSymbolExists.c
Linking C executable cmTC_b8e76
/usr/bin/cmake -E cmake_link_script CMakeFiles/cmTC_b8e76.dir/link.txt --verbose=1
/usr/bin/gcc-5       CMakeFiles/cmTC_b8e76.dir/CheckSymbolExists.c.o  -o cmTC_b8e76 -rdynamic 
CMakeFiles/cmTC_b8e76.dir/CheckSymbolExists.c.o: In function `main':
CheckSymbolExists.c:(.text+0x16): undefined reference to `pthread_create'
collect2: error: ld returned 1 exit status
CMakeFiles/cmTC_b8e76.dir/build.make:97: recipe for target 'cmTC_b8e76' failed
make[1]: *** [cmTC_b8e76] Error 1
make[1]: Leaving directory '/home/yangzt/yangzt_ws/src/mmw_capture/build/CMakeFiles/CMakeTmp'
Makefile:126: recipe for target 'cmTC_b8e76/fast' failed
make: *** [cmTC_b8e76/fast] Error 2

File /home/yangzt/yangzt_ws/src/mmw_capture/build/CMakeFiles/CMakeTmp/CheckSymbolExists.c:
/* */
#include <pthread.h>

int main(int argc, char** argv)
{
  (void)argv;
#ifndef pthread_create
  return ((int*)(&pthread_create))[argc];
#else
  (void)argc;
  return 0;
#endif
}

Determining if the function pthread_create exists in the pthreads failed with the following output:
Change Dir: /home/yangzt/yangzt_ws/src/mmw_capture/build/CMakeFiles/CMakeTmp

Run Build Command:"/usr/bin/make" "cmTC_b76ec/fast"
/usr/bin/make -f CMakeFiles/cmTC_b76ec.dir/build.make CMakeFiles/cmTC_b76ec.dir/build
make[1]: Entering directory '/home/yangzt/yangzt_ws/src/mmw_capture/build/CMakeFiles/CMakeTmp'
Building C object CMakeFiles/cmTC_b76ec.dir/CheckFunctionExists.c.o
/usr/bin/gcc-5    -DCHECK_FUNCTION_EXISTS=pthread_create   -o CMakeFiles/cmTC_b76ec.dir/CheckFunctionExists.c.o   -c /usr/share/cmake-3.5/Modules/CheckFunctionExists.c
Linking C executable cmTC_b76ec
/usr/bin/cmake -E cmake_link_script CMakeFiles/cmTC_b76ec.dir/link.txt --verbose=1
/usr/bin/gcc-5   -DCHECK_FUNCTION_EXISTS=pthread_create    CMakeFiles/cmTC_b76ec.dir/CheckFunctionExists.c.o  -o cmTC_b76ec -rdynamic -lpthreads 
/usr/bin/ld: cannot find -lpthreads
collect2: error: ld returned 1 exit status
CMakeFiles/cmTC_b76ec.dir/build.make:97: recipe for target 'cmTC_b76ec' failed
make[1]: *** [cmTC_b76ec] Error 1
make[1]: Leaving directory '/home/yangzt/yangzt_ws/src/mmw_capture/build/CMakeFiles/CMakeTmp'
Makefile:126: recipe for target 'cmTC_b76ec/fast' failed
make: *** [cmTC_b76ec/fast] Error 2


