Performing C SOURCE FILE Test CMAKE_HAVE_LIBC_PTHREAD failed with the following output:
Change Dir: /home/yangzt/yangzt_ws/src/cmake-build-debug/CMakeFiles/CMakeTmp

Run Build Command(s):/usr/bin/make cmTC_02758/fast && /usr/bin/make  -f CMakeFiles/cmTC_02758.dir/build.make CMakeFiles/cmTC_02758.dir/build
make[1]: Entering directory '/home/yangzt/yangzt_ws/src/cmake-build-debug/CMakeFiles/CMakeTmp'
Building C object CMakeFiles/cmTC_02758.dir/src.c.o
/usr/bin/cc   -DCMAKE_HAVE_LIBC_PTHREAD   -o CMakeFiles/cmTC_02758.dir/src.c.o   -c /home/yangzt/yangzt_ws/src/cmake-build-debug/CMakeFiles/CMakeTmp/src.c
Linking C executable cmTC_02758
/opt/clion-2020.2.4/bin/cmake/linux/bin/cmake -E cmake_link_script CMakeFiles/cmTC_02758.dir/link.txt --verbose=1
/usr/bin/cc  -DCMAKE_HAVE_LIBC_PTHREAD    -rdynamic CMakeFiles/cmTC_02758.dir/src.c.o  -o cmTC_02758 
CMakeFiles/cmTC_02758.dir/src.c.o: In function `main':
src.c:(.text+0x3c): undefined reference to `pthread_create'
src.c:(.text+0x48): undefined reference to `pthread_detach'
src.c:(.text+0x54): undefined reference to `pthread_cancel'
src.c:(.text+0x65): undefined reference to `pthread_join'
src.c:(.text+0x79): undefined reference to `pthread_atfork'
collect2: error: ld returned 1 exit status
CMakeFiles/cmTC_02758.dir/build.make:106: recipe for target 'cmTC_02758' failed
make[1]: *** [cmTC_02758] Error 1
make[1]: Leaving directory '/home/yangzt/yangzt_ws/src/cmake-build-debug/CMakeFiles/CMakeTmp'
Makefile:141: recipe for target 'cmTC_02758/fast' failed
make: *** [cmTC_02758/fast] Error 2


Source file was:
#include <pthread.h>

void* test_func(void* data)
{
  return data;
}

int main(void)
{
  pthread_t thread;
  pthread_create(&thread, NULL, test_func, NULL);
  pthread_detach(thread);
  pthread_cancel(thread);
  pthread_join(thread, NULL);
  pthread_atfork(NULL, NULL, NULL);
  pthread_exit(NULL);

  return 0;
}

Determining if the function pthread_create exists in the pthreads failed with the following output:
Change Dir: /home/yangzt/yangzt_ws/src/cmake-build-debug/CMakeFiles/CMakeTmp

Run Build Command(s):/usr/bin/make cmTC_c8663/fast && /usr/bin/make  -f CMakeFiles/cmTC_c8663.dir/build.make CMakeFiles/cmTC_c8663.dir/build
make[1]: Entering directory '/home/yangzt/yangzt_ws/src/cmake-build-debug/CMakeFiles/CMakeTmp'
Building C object CMakeFiles/cmTC_c8663.dir/CheckFunctionExists.c.o
/usr/bin/cc   -DCHECK_FUNCTION_EXISTS=pthread_create   -o CMakeFiles/cmTC_c8663.dir/CheckFunctionExists.c.o   -c /opt/clion-2020.2.4/bin/cmake/linux/share/cmake-3.17/Modules/CheckFunctionExists.c
Linking C executable cmTC_c8663
/opt/clion-2020.2.4/bin/cmake/linux/bin/cmake -E cmake_link_script CMakeFiles/cmTC_c8663.dir/link.txt --verbose=1
/usr/bin/cc  -DCHECK_FUNCTION_EXISTS=pthread_create    -rdynamic CMakeFiles/cmTC_c8663.dir/CheckFunctionExists.c.o  -o cmTC_c8663  -lpthreads 
/usr/bin/ld: cannot find -lpthreads
collect2: error: ld returned 1 exit status
CMakeFiles/cmTC_c8663.dir/build.make:106: recipe for target 'cmTC_c8663' failed
make[1]: *** [cmTC_c8663] Error 1
make[1]: Leaving directory '/home/yangzt/yangzt_ws/src/cmake-build-debug/CMakeFiles/CMakeTmp'
Makefile:141: recipe for target 'cmTC_c8663/fast' failed
make: *** [cmTC_c8663/fast] Error 2



Determining if the Q_WS_WIN exist failed with the following output:
Change Dir: /home/yangzt/yangzt_ws/src/cmake-build-debug/CMakeFiles/CMakeTmp

Run Build Command(s):/usr/bin/make cmTC_83e60/fast && /usr/bin/make  -f CMakeFiles/cmTC_83e60.dir/build.make CMakeFiles/cmTC_83e60.dir/build
make[1]: Entering directory '/home/yangzt/yangzt_ws/src/cmake-build-debug/CMakeFiles/CMakeTmp'
Building CXX object CMakeFiles/cmTC_83e60.dir/CheckSymbolExists.cxx.o
/usr/bin/c++   -I/usr/include/qt4   -o CMakeFiles/cmTC_83e60.dir/CheckSymbolExists.cxx.o -c /home/yangzt/yangzt_ws/src/cmake-build-debug/CMakeFiles/CMakeTmp/CheckSymbolExists.cxx
/home/yangzt/yangzt_ws/src/cmake-build-debug/CMakeFiles/CMakeTmp/CheckSymbolExists.cxx: In function ‘int main(int, char**)’:
/home/yangzt/yangzt_ws/src/cmake-build-debug/CMakeFiles/CMakeTmp/CheckSymbolExists.cxx:8:19: error: ‘Q_WS_WIN’ was not declared in this scope
   return ((int*)(&Q_WS_WIN))[argc];
                   ^
CMakeFiles/cmTC_83e60.dir/build.make:85: recipe for target 'CMakeFiles/cmTC_83e60.dir/CheckSymbolExists.cxx.o' failed
make[1]: *** [CMakeFiles/cmTC_83e60.dir/CheckSymbolExists.cxx.o] Error 1
make[1]: Leaving directory '/home/yangzt/yangzt_ws/src/cmake-build-debug/CMakeFiles/CMakeTmp'
Makefile:141: recipe for target 'cmTC_83e60/fast' failed
make: *** [cmTC_83e60/fast] Error 2


File /home/yangzt/yangzt_ws/src/cmake-build-debug/CMakeFiles/CMakeTmp/CheckSymbolExists.cxx:
/* */
#include <QtCore/qglobal.h>

int main(int argc, char** argv)
{
  (void)argv;
#ifndef Q_WS_WIN
  return ((int*)(&Q_WS_WIN))[argc];
#else
  (void)argc;
  return 0;
#endif
}
Determining if the Q_WS_QWS exist failed with the following output:
Change Dir: /home/yangzt/yangzt_ws/src/cmake-build-debug/CMakeFiles/CMakeTmp

Run Build Command(s):/usr/bin/make cmTC_7b0f6/fast && /usr/bin/make  -f CMakeFiles/cmTC_7b0f6.dir/build.make CMakeFiles/cmTC_7b0f6.dir/build
make[1]: Entering directory '/home/yangzt/yangzt_ws/src/cmake-build-debug/CMakeFiles/CMakeTmp'
Building CXX object CMakeFiles/cmTC_7b0f6.dir/CheckSymbolExists.cxx.o
/usr/bin/c++   -I/usr/include/qt4   -o CMakeFiles/cmTC_7b0f6.dir/CheckSymbolExists.cxx.o -c /home/yangzt/yangzt_ws/src/cmake-build-debug/CMakeFiles/CMakeTmp/CheckSymbolExists.cxx
/home/yangzt/yangzt_ws/src/cmake-build-debug/CMakeFiles/CMakeTmp/CheckSymbolExists.cxx: In function ‘int main(int, char**)’:
/home/yangzt/yangzt_ws/src/cmake-build-debug/CMakeFiles/CMakeTmp/CheckSymbolExists.cxx:8:19: error: ‘Q_WS_QWS’ was not declared in this scope
   return ((int*)(&Q_WS_QWS))[argc];
                   ^
CMakeFiles/cmTC_7b0f6.dir/build.make:85: recipe for target 'CMakeFiles/cmTC_7b0f6.dir/CheckSymbolExists.cxx.o' failed
make[1]: *** [CMakeFiles/cmTC_7b0f6.dir/CheckSymbolExists.cxx.o] Error 1
make[1]: Leaving directory '/home/yangzt/yangzt_ws/src/cmake-build-debug/CMakeFiles/CMakeTmp'
Makefile:141: recipe for target 'cmTC_7b0f6/fast' failed
make: *** [cmTC_7b0f6/fast] Error 2


File /home/yangzt/yangzt_ws/src/cmake-build-debug/CMakeFiles/CMakeTmp/CheckSymbolExists.cxx:
/* */
#include <QtCore/qglobal.h>

int main(int argc, char** argv)
{
  (void)argv;
#ifndef Q_WS_QWS
  return ((int*)(&Q_WS_QWS))[argc];
#else
  (void)argc;
  return 0;
#endif
}
Determining if the Q_WS_MAC exist failed with the following output:
Change Dir: /home/yangzt/yangzt_ws/src/cmake-build-debug/CMakeFiles/CMakeTmp

Run Build Command(s):/usr/bin/make cmTC_70151/fast && /usr/bin/make  -f CMakeFiles/cmTC_70151.dir/build.make CMakeFiles/cmTC_70151.dir/build
make[1]: Entering directory '/home/yangzt/yangzt_ws/src/cmake-build-debug/CMakeFiles/CMakeTmp'
Building CXX object CMakeFiles/cmTC_70151.dir/CheckSymbolExists.cxx.o
/usr/bin/c++   -I/usr/include/qt4   -o CMakeFiles/cmTC_70151.dir/CheckSymbolExists.cxx.o -c /home/yangzt/yangzt_ws/src/cmake-build-debug/CMakeFiles/CMakeTmp/CheckSymbolExists.cxx
/home/yangzt/yangzt_ws/src/cmake-build-debug/CMakeFiles/CMakeTmp/CheckSymbolExists.cxx: In function ‘int main(int, char**)’:
/home/yangzt/yangzt_ws/src/cmake-build-debug/CMakeFiles/CMakeTmp/CheckSymbolExists.cxx:8:19: error: ‘Q_WS_MAC’ was not declared in this scope
   return ((int*)(&Q_WS_MAC))[argc];
                   ^
CMakeFiles/cmTC_70151.dir/build.make:85: recipe for target 'CMakeFiles/cmTC_70151.dir/CheckSymbolExists.cxx.o' failed
make[1]: *** [CMakeFiles/cmTC_70151.dir/CheckSymbolExists.cxx.o] Error 1
make[1]: Leaving directory '/home/yangzt/yangzt_ws/src/cmake-build-debug/CMakeFiles/CMakeTmp'
Makefile:141: recipe for target 'cmTC_70151/fast' failed
make: *** [cmTC_70151/fast] Error 2


File /home/yangzt/yangzt_ws/src/cmake-build-debug/CMakeFiles/CMakeTmp/CheckSymbolExists.cxx:
/* */
#include <QtCore/qglobal.h>

int main(int argc, char** argv)
{
  (void)argv;
#ifndef Q_WS_MAC
  return ((int*)(&Q_WS_MAC))[argc];
#else
  (void)argc;
  return 0;
#endif
}
